<?xml version="1.0" encoding="UTF-8"?>
<!-- Generated by org.testng.reporters.JUnitReportReporter -->
<testsuite hostname="LAPTOP-OFMQTK0O" failures="0" tests="3" name="testRunner.TestRunner" time="67.762" errors="0" timestamp="2025-08-16T09:01:55 IST" skipped="0">
  <testcase classname="testRunner.TestRunner" name="runScenario" time="20.118"/>
  <testcase classname="testRunner.TestRunner" name="runScenario" time="27.249"/>
  <testcase classname="testRunner.TestRunner" name="runScenario" time="20.395"/>
</testsuite> <!-- testRunner.TestRunner -->
