<?xml version="1.0" encoding="UTF-8"?>
<!-- Generated by org.testng.reporters.JUnitReportReporter -->
<testsuite hostname="LAPTOP-OFMQTK0O" failures="0" tests="3" name="testRunner.TestRunner" time="67.554" errors="0" timestamp="2025-08-12T13:10:01 IST" skipped="0">
  <testcase classname="testRunner.TestRunner" name="runScenario" time="25.969"/>
  <testcase classname="testRunner.TestRunner" name="runScenario" time="20.811"/>
  <testcase classname="testRunner.TestRunner" name="runScenario" time="20.774"/>
</testsuite> <!-- testRunner.TestRunner -->
