<?xml version="1.0" encoding="UTF-8"?>
<!-- Generated by org.testng.reporters.JUnitReportReporter -->
<testsuite hostname="LAPTOP-OFMQTK0O" failures="0" tests="1" name="testWIthSauceLab.FlipkartTestSauceLab" time="13.154" errors="0" timestamp="2025-08-11T12:05:42 IST" skipped="0">
  <testcase classname="testWIthSauceLab.FlipkartTestSauceLab" name="runOnSauceLabs" time="13.154"/>
</testsuite> <!-- testWIthSauceLab.FlipkartTestSauceLab -->
