<?xml version="1.0" encoding="UTF-8"?>
<!-- Generated by org.testng.reporters.JUnitReportReporter -->
<testsuite hostname="LAPTOP-OFMQTK0O" failures="0" tests="3" name="testRunner.TestRunner" time="65.292" errors="0" timestamp="2025-08-12T13:15:40 IST" skipped="0">
  <testcase classname="testRunner.TestRunner" name="runScenario" time="25.775"/>
  <testcase classname="testRunner.TestRunner" name="runScenario" time="19.712"/>
  <testcase classname="testRunner.TestRunner" name="runScenario" time="19.805"/>
</testsuite> <!-- testRunner.TestRunner -->
