<?xml version="1.0" encoding="UTF-8"?>
<!-- Generated by org.testng.reporters.JUnitReportReporter -->
<testsuite hostname="LAPTOP-OFMQTK0O" failures="0" tests="1" name="testCases.FlipkartSearchtest" time="0.000" errors="0" timestamp="2025-07-14T11:39:02 IST" skipped="1">
  <testcase classname="testCases.FlipkartSearchtest" name="searchmobile" time="0.000">
    <skipped/>
  </testcase> <!-- searchmobile -->
</testsuite> <!-- testCases.FlipkartSearchtest -->
