<?xml version="1.0" encoding="UTF-8"?>
<!-- Generated by org.testng.reporters.JUnitReportReporter -->
<testsuite hostname="LAPTOP-OFMQTK0O" failures="0" tests="2" name="testCases.FlipkartFilterTest" time="0.000" errors="0" timestamp="2025-07-14T11:39:02 IST" skipped="2">
  <testcase classname="testCases.FlipkartFilterTest" name="testFilterRAM" time="0.000">
    <skipped/>
  </testcase> <!-- testFilterRAM -->
  <testcase classname="testCases.FlipkartFilterTest" name="testFilterBrand" time="0.000">
    <skipped/>
  </testcase> <!-- testFilterBrand -->
</testsuite> <!-- testCases.FlipkartFilterTest -->
