<?xml version="1.0" encoding="UTF-8"?>
<!-- Generated by org.testng.reporters.JUnitReportReporter -->
<testsuite hostname="LAPTOP-OFMQTK0O" failures="0" tests="3" name="testRunner.TestRunner" time="74.026" errors="0" timestamp="2025-08-12T13:22:47 IST" skipped="0">
  <testcase classname="testRunner.TestRunner" name="runScenario" time="25.853"/>
  <testcase classname="testRunner.TestRunner" name="runScenario" time="28.409"/>
  <testcase classname="testRunner.TestRunner" name="runScenario" time="19.764"/>
</testsuite> <!-- testRunner.TestRunner -->
