<?xml version="1.0" encoding="UTF-8"?>
<!-- Generated by org.testng.reporters.JUnitReportReporter -->
<testsuite hostname="LAPTOP-OFMQTK0O" failures="0" tests="3" name="testRunner.TestRunner" time="65.473" errors="0" timestamp="2025-08-12T12:53:36 IST" skipped="0">
  <testcase classname="testRunner.TestRunner" name="runScenario" time="20.193"/>
  <testcase classname="testRunner.TestRunner" name="runScenario" time="26.011"/>
  <testcase classname="testRunner.TestRunner" name="runScenario" time="19.269"/>
</testsuite> <!-- testRunner.TestRunner -->
