<?xml version="1.0" encoding="UTF-8"?>
<!-- Generated by org.testng.reporters.JUnitReportReporter -->
<testsuite hostname="LAPTOP-OFMQTK0O" failures="0" tests="2" name="testCases.FlipkartAddToCartTest" time="0.000" errors="0" timestamp="2025-07-14T11:39:02 IST" skipped="2">
  <testcase classname="testCases.FlipkartAddToCartTest" name="addToCart" time="0.000">
    <skipped/>
  </testcase> <!-- addToCart -->
  <testcase classname="testCases.FlipkartAddToCartTest" name="cart" time="0.000">
    <skipped/>
  </testcase> <!-- cart -->
</testsuite> <!-- testCases.FlipkartAddToCartTest -->
